2015-10-08 10:10:40,094 [main] ERROR org.eclipse.jgit.util.FS - Caught exception in FS.readPipe()
java.io.IOException: Cannot run program "bash" (in directory "C:\Users\Pietro"): CreateProcess error=2, Impossibile trovare il file specificato
	at java.lang.ProcessBuilder.start(Unknown Source) ~[na:1.8.0_60]
	at java.lang.Runtime.exec(Unknown Source) ~[na:1.8.0_60]
	at org.eclipse.jgit.util.FS.readPipe(FS.java:415) [org.eclipse.jgit_4.0.0.201503231230-m1.jar:4.0.0.201503231230-m1]
	at org.eclipse.jgit.util.FS_Win32.discoverGitPrefix(FS_Win32.java:117) [org.eclipse.jgit_4.0.0.201503231230-m1.jar:4.0.0.201503231230-m1]
	at org.eclipse.jgit.util.FS.gitPrefix(FS.java:501) [org.eclipse.jgit_4.0.0.201503231230-m1.jar:4.0.0.201503231230-m1]
	at org.eclipse.egit.ui.internal.ConfigurationChecker.checkGitPrefix(ConfigurationChecker.java:69) [org.eclipse.egit.ui_4.0.0.201503231230-m1.jar:na]
	at org.eclipse.egit.ui.internal.ConfigurationChecker.check(ConfigurationChecker.java:61) [org.eclipse.egit.ui_4.0.0.201503231230-m1.jar:na]
	at org.eclipse.egit.ui.internal.ConfigurationChecker.access$0(ConfigurationChecker.java:60) [org.eclipse.egit.ui_4.0.0.201503231230-m1.jar:na]
	at org.eclipse.egit.ui.internal.ConfigurationChecker$1$1.run(ConfigurationChecker.java:48) [org.eclipse.egit.ui_4.0.0.201503231230-m1.jar:na]
	at org.eclipse.swt.widgets.RunnableLock.run(RunnableLock.java:35) [org.eclipse.swt.win32.win32.x86_3.104.0.v20150319-1901.jar:na]
	at org.eclipse.swt.widgets.Synchronizer.runAsyncMessages(Synchronizer.java:136) [org.eclipse.swt.win32.win32.x86_3.104.0.v20150319-1901.jar:na]
	at org.eclipse.swt.widgets.Display.runAsyncMessages(Display.java:4147) [org.eclipse.swt.win32.win32.x86_3.104.0.v20150319-1901.jar:na]
	at org.eclipse.swt.widgets.Display.readAndDispatch(Display.java:3764) [org.eclipse.swt.win32.win32.x86_3.104.0.v20150319-1901.jar:na]
	at org.eclipse.e4.ui.internal.workbench.swt.PartRenderingEngine$4.run(PartRenderingEngine.java:1112) [org.eclipse.e4.ui.workbench.swt_0.12.100.v20150316-1403.jar:na]
	at org.eclipse.core.databinding.observable.Realm.runWithDefault(Realm.java:337) [org.eclipse.core.databinding.observable_1.4.1.v20150311-0218.jar:na]
	at org.eclipse.e4.ui.internal.workbench.swt.PartRenderingEngine.run(PartRenderingEngine.java:993) [org.eclipse.e4.ui.workbench.swt_0.12.100.v20150316-1403.jar:na]
	at org.eclipse.e4.ui.internal.workbench.E4Workbench.createAndRunUI(E4Workbench.java:156) [org.eclipse.e4.ui.workbench_1.3.0.v20150316-1403.jar:na]
	at org.eclipse.ui.internal.Workbench$5.run(Workbench.java:654) [org.eclipse.ui.workbench_3.107.0.v20150318-2200.jar:na]
	at org.eclipse.core.databinding.observable.Realm.runWithDefault(Realm.java:337) [org.eclipse.core.databinding.observable_1.4.1.v20150311-0218.jar:na]
	at org.eclipse.ui.internal.Workbench.createAndRunWorkbench(Workbench.java:598) [org.eclipse.ui.workbench_3.107.0.v20150318-2200.jar:na]
	at org.eclipse.ui.PlatformUI.createAndRunWorkbench(PlatformUI.java:150) [org.eclipse.ui.workbench_3.107.0.v20150318-2200.jar:na]
	at org.eclipse.ui.internal.ide.application.IDEApplication.start(IDEApplication.java:138) [org.eclipse.ui.ide.application_1.0.600.v20150315-1254.jar:na]
	at org.eclipse.equinox.internal.app.EclipseAppHandle.run(EclipseAppHandle.java:196) [org.eclipse.equinox.app_1.3.200.v20130910-1609.jar:na]
	at org.eclipse.core.runtime.internal.adaptor.EclipseAppLauncher.runApplication(EclipseAppLauncher.java:134) [org.eclipse.osgi_3.10.100.v20150318-0312.jar:na]
	at org.eclipse.core.runtime.internal.adaptor.EclipseAppLauncher.start(EclipseAppLauncher.java:104) [org.eclipse.osgi_3.10.100.v20150318-0312.jar:na]
	at org.eclipse.core.runtime.adaptor.EclipseStarter.run(EclipseStarter.java:380) [org.eclipse.osgi_3.10.100.v20150318-0312.jar:na]
	at org.eclipse.core.runtime.adaptor.EclipseStarter.run(EclipseStarter.java:235) [org.eclipse.osgi_3.10.100.v20150318-0312.jar:na]
	at sun.reflect.NativeMethodAccessorImpl.invoke0(Native Method) ~[na:1.8.0_60]
	at sun.reflect.NativeMethodAccessorImpl.invoke(Unknown Source) ~[na:1.8.0_60]
	at sun.reflect.DelegatingMethodAccessorImpl.invoke(Unknown Source) ~[na:1.8.0_60]
	at java.lang.reflect.Method.invoke(Unknown Source) ~[na:1.8.0_60]
	at org.eclipse.equinox.launcher.Main.invokeFramework(Main.java:648) [org.eclipse.equinox.launcher_1.3.0.v20140415-2008.jar:na]
	at org.eclipse.equinox.launcher.Main.basicRun(Main.java:603) [org.eclipse.equinox.launcher_1.3.0.v20140415-2008.jar:na]
	at org.eclipse.equinox.launcher.Main.run(Main.java:1465) [org.eclipse.equinox.launcher_1.3.0.v20140415-2008.jar:na]
Caused by: java.io.IOException: CreateProcess error=2, Impossibile trovare il file specificato
	at java.lang.ProcessImpl.create(Native Method) ~[na:1.8.0_60]
	at java.lang.ProcessImpl.<init>(Unknown Source) ~[na:1.8.0_60]
	at java.lang.ProcessImpl.start(Unknown Source) ~[na:1.8.0_60]
	... 34 common frames omitted
2015-10-08 17:50:53,565 [main] ERROR org.eclipse.jgit.util.FS - Caught exception in FS.readPipe()
java.io.IOException: Cannot run program "bash" (in directory "C:\Users\Pietro"): CreateProcess error=2, Impossibile trovare il file specificato
	at java.lang.ProcessBuilder.start(Unknown Source) ~[na:1.8.0_60]
	at java.lang.Runtime.exec(Unknown Source) ~[na:1.8.0_60]
	at org.eclipse.jgit.util.FS.readPipe(FS.java:415) [org.eclipse.jgit_4.0.0.201503231230-m1.jar:4.0.0.201503231230-m1]
	at org.eclipse.jgit.util.FS_Win32.discoverGitPrefix(FS_Win32.java:117) [org.eclipse.jgit_4.0.0.201503231230-m1.jar:4.0.0.201503231230-m1]
	at org.eclipse.jgit.util.FS.gitPrefix(FS.java:501) [org.eclipse.jgit_4.0.0.201503231230-m1.jar:4.0.0.201503231230-m1]
	at org.eclipse.egit.ui.internal.ConfigurationChecker.checkGitPrefix(ConfigurationChecker.java:69) [org.eclipse.egit.ui_4.0.0.201503231230-m1.jar:na]
	at org.eclipse.egit.ui.internal.ConfigurationChecker.check(ConfigurationChecker.java:61) [org.eclipse.egit.ui_4.0.0.201503231230-m1.jar:na]
	at org.eclipse.egit.ui.internal.ConfigurationChecker.access$0(ConfigurationChecker.java:60) [org.eclipse.egit.ui_4.0.0.201503231230-m1.jar:na]
	at org.eclipse.egit.ui.internal.ConfigurationChecker$1$1.run(ConfigurationChecker.java:48) [org.eclipse.egit.ui_4.0.0.201503231230-m1.jar:na]
	at org.eclipse.swt.widgets.RunnableLock.run(RunnableLock.java:35) [org.eclipse.swt.win32.win32.x86_3.104.0.v20150319-1901.jar:na]
	at org.eclipse.swt.widgets.Synchronizer.runAsyncMessages(Synchronizer.java:136) [org.eclipse.swt.win32.win32.x86_3.104.0.v20150319-1901.jar:na]
	at org.eclipse.swt.widgets.Display.runAsyncMessages(Display.java:4147) [org.eclipse.swt.win32.win32.x86_3.104.0.v20150319-1901.jar:na]
	at org.eclipse.swt.widgets.Display.readAndDispatch(Display.java:3764) [org.eclipse.swt.win32.win32.x86_3.104.0.v20150319-1901.jar:na]
	at org.eclipse.e4.ui.internal.workbench.swt.PartRenderingEngine$4.run(PartRenderingEngine.java:1112) [org.eclipse.e4.ui.workbench.swt_0.12.100.v20150316-1403.jar:na]
	at org.eclipse.core.databinding.observable.Realm.runWithDefault(Realm.java:337) [org.eclipse.core.databinding.observable_1.4.1.v20150311-0218.jar:na]
	at org.eclipse.e4.ui.internal.workbench.swt.PartRenderingEngine.run(PartRenderingEngine.java:993) [org.eclipse.e4.ui.workbench.swt_0.12.100.v20150316-1403.jar:na]
	at org.eclipse.e4.ui.internal.workbench.E4Workbench.createAndRunUI(E4Workbench.java:156) [org.eclipse.e4.ui.workbench_1.3.0.v20150316-1403.jar:na]
	at org.eclipse.ui.internal.Workbench$5.run(Workbench.java:654) [org.eclipse.ui.workbench_3.107.0.v20150318-2200.jar:na]
	at org.eclipse.core.databinding.observable.Realm.runWithDefault(Realm.java:337) [org.eclipse.core.databinding.observable_1.4.1.v20150311-0218.jar:na]
	at org.eclipse.ui.internal.Workbench.createAndRunWorkbench(Workbench.java:598) [org.eclipse.ui.workbench_3.107.0.v20150318-2200.jar:na]
	at org.eclipse.ui.PlatformUI.createAndRunWorkbench(PlatformUI.java:150) [org.eclipse.ui.workbench_3.107.0.v20150318-2200.jar:na]
	at org.eclipse.ui.internal.ide.application.IDEApplication.start(IDEApplication.java:138) [org.eclipse.ui.ide.application_1.0.600.v20150315-1254.jar:na]
	at org.eclipse.equinox.internal.app.EclipseAppHandle.run(EclipseAppHandle.java:196) [org.eclipse.equinox.app_1.3.200.v20130910-1609.jar:na]
	at org.eclipse.core.runtime.internal.adaptor.EclipseAppLauncher.runApplication(EclipseAppLauncher.java:134) [org.eclipse.osgi_3.10.100.v20150318-0312.jar:na]
	at org.eclipse.core.runtime.internal.adaptor.EclipseAppLauncher.start(EclipseAppLauncher.java:104) [org.eclipse.osgi_3.10.100.v20150318-0312.jar:na]
	at org.eclipse.core.runtime.adaptor.EclipseStarter.run(EclipseStarter.java:380) [org.eclipse.osgi_3.10.100.v20150318-0312.jar:na]
	at org.eclipse.core.runtime.adaptor.EclipseStarter.run(EclipseStarter.java:235) [org.eclipse.osgi_3.10.100.v20150318-0312.jar:na]
	at sun.reflect.NativeMethodAccessorImpl.invoke0(Native Method) ~[na:1.8.0_60]
	at sun.reflect.NativeMethodAccessorImpl.invoke(Unknown Source) ~[na:1.8.0_60]
	at sun.reflect.DelegatingMethodAccessorImpl.invoke(Unknown Source) ~[na:1.8.0_60]
	at java.lang.reflect.Method.invoke(Unknown Source) ~[na:1.8.0_60]
	at org.eclipse.equinox.launcher.Main.invokeFramework(Main.java:648) [org.eclipse.equinox.launcher_1.3.0.v20140415-2008.jar:na]
	at org.eclipse.equinox.launcher.Main.basicRun(Main.java:603) [org.eclipse.equinox.launcher_1.3.0.v20140415-2008.jar:na]
	at org.eclipse.equinox.launcher.Main.run(Main.java:1465) [org.eclipse.equinox.launcher_1.3.0.v20140415-2008.jar:na]
Caused by: java.io.IOException: CreateProcess error=2, Impossibile trovare il file specificato
	at java.lang.ProcessImpl.create(Native Method) ~[na:1.8.0_60]
	at java.lang.ProcessImpl.<init>(Unknown Source) ~[na:1.8.0_60]
	at java.lang.ProcessImpl.start(Unknown Source) ~[na:1.8.0_60]
	... 34 common frames omitted
2015-10-08 17:50:53,572 [Worker-2] ERROR org.eclipse.jgit.util.FS - Caught exception in FS.readPipe()
java.io.IOException: Cannot run program "bash" (in directory "C:\Users\Pietro"): CreateProcess error=2, Impossibile trovare il file specificato
	at java.lang.ProcessBuilder.start(Unknown Source) ~[na:1.8.0_60]
	at java.lang.Runtime.exec(Unknown Source) ~[na:1.8.0_60]
	at org.eclipse.jgit.util.FS.readPipe(FS.java:415) [org.eclipse.jgit_4.0.0.201503231230-m1.jar:4.0.0.201503231230-m1]
	at org.eclipse.jgit.util.FS_Win32.discoverGitPrefix(FS_Win32.java:117) [org.eclipse.jgit_4.0.0.201503231230-m1.jar:4.0.0.201503231230-m1]
	at org.eclipse.jgit.util.FS.gitPrefix(FS.java:501) [org.eclipse.jgit_4.0.0.201503231230-m1.jar:4.0.0.201503231230-m1]
	at org.eclipse.jgit.util.SystemReader$Default.openSystemConfig(SystemReader.java:92) [org.eclipse.jgit_4.0.0.201503231230-m1.jar:4.0.0.201503231230-m1]
	at org.eclipse.jgit.internal.storage.file.FileRepository.<init>(FileRepository.java:171) [org.eclipse.jgit_4.0.0.201503231230-m1.jar:4.0.0.201503231230-m1]
	at org.eclipse.jgit.storage.file.FileRepositoryBuilder.build(FileRepositoryBuilder.java:92) [org.eclipse.jgit_4.0.0.201503231230-m1.jar:4.0.0.201503231230-m1]
	at org.eclipse.jgit.storage.file.FileRepositoryBuilder.create(FileRepositoryBuilder.java:110) [org.eclipse.jgit_4.0.0.201503231230-m1.jar:4.0.0.201503231230-m1]
	at org.eclipse.egit.core.RepositoryCache.lookupRepository(RepositoryCache.java:55) [org.eclipse.egit.core_4.0.0.201503231230-m1.jar:na]
	at org.eclipse.egit.core.project.GitProjectData.map(GitProjectData.java:505) [org.eclipse.egit.core_4.0.0.201503231230-m1.jar:na]
	at org.eclipse.egit.core.project.GitProjectData.remapAll(GitProjectData.java:473) [org.eclipse.egit.core_4.0.0.201503231230-m1.jar:na]
	at org.eclipse.egit.core.project.GitProjectData.load(GitProjectData.java:466) [org.eclipse.egit.core_4.0.0.201503231230-m1.jar:na]
	at org.eclipse.egit.core.project.GitProjectData.get(GitProjectData.java:206) [org.eclipse.egit.core_4.0.0.201503231230-m1.jar:na]
	at org.eclipse.egit.core.GitProvider.getData(GitProvider.java:86) [org.eclipse.egit.core_4.0.0.201503231230-m1.jar:na]
	at org.eclipse.egit.core.project.RepositoryMapping.getMapping(RepositoryMapping.java:314) [org.eclipse.egit.core_4.0.0.201503231230-m1.jar:na]
	at org.eclipse.egit.ui.internal.decorators.GitLightweightDecorator.getIndexDiffDataOrNull(GitLightweightDecorator.java:216) [org.eclipse.egit.ui_4.0.0.201503231230-m1.jar:na]
	at org.eclipse.egit.ui.internal.decorators.GitLightweightDecorator.decorateResource(GitLightweightDecorator.java:190) [org.eclipse.egit.ui_4.0.0.201503231230-m1.jar:na]
	at org.eclipse.egit.ui.internal.decorators.GitLightweightDecorator.decorate(GitLightweightDecorator.java:176) [org.eclipse.egit.ui_4.0.0.201503231230-m1.jar:na]
	at org.eclipse.ui.internal.decorators.LightweightDecoratorDefinition.decorate(LightweightDecoratorDefinition.java:267) [org.eclipse.ui.workbench_3.107.0.v20150318-2200.jar:na]
	at org.eclipse.ui.internal.decorators.LightweightDecoratorManager$LightweightRunnable.run(LightweightDecoratorManager.java:83) [org.eclipse.ui.workbench_3.107.0.v20150318-2200.jar:na]
	at org.eclipse.core.runtime.SafeRunner.run(SafeRunner.java:42) [org.eclipse.equinox.common_3.7.0.v20150318-1503.jar:na]
	at org.eclipse.ui.internal.decorators.LightweightDecoratorManager.decorate(LightweightDecoratorManager.java:367) [org.eclipse.ui.workbench_3.107.0.v20150318-2200.jar:na]
	at org.eclipse.ui.internal.decorators.LightweightDecoratorManager.getDecorations(LightweightDecoratorManager.java:349) [org.eclipse.ui.workbench_3.107.0.v20150318-2200.jar:na]
	at org.eclipse.ui.internal.decorators.DecorationScheduler$1.ensureResultCached(DecorationScheduler.java:372) [org.eclipse.ui.workbench_3.107.0.v20150318-2200.jar:na]
	at org.eclipse.ui.internal.decorators.DecorationScheduler$1.run(DecorationScheduler.java:332) [org.eclipse.ui.workbench_3.107.0.v20150318-2200.jar:na]
	at org.eclipse.core.internal.jobs.Worker.run(Worker.java:55) [org.eclipse.core.jobs_3.7.0.v20150316-1238.jar:na]
Caused by: java.io.IOException: CreateProcess error=2, Impossibile trovare il file specificato
	at java.lang.ProcessImpl.create(Native Method) ~[na:1.8.0_60]
	at java.lang.ProcessImpl.<init>(Unknown Source) ~[na:1.8.0_60]
	at java.lang.ProcessImpl.start(Unknown Source) ~[na:1.8.0_60]
	... 27 common frames omitted
